<?xml version="1.0" encoding="UTF-8"?>
<testng-results skipped="0" failed="0" ignored="0" total="1" passed="1">
  <reporter-output>
  </reporter-output>
  <suite name="Default suite" duration-ms="3351" started-at="2018-10-26T13:28:46Z" finished-at="2018-10-26T13:28:50Z">
    <groups>
    </groups>
    <test name="Default test" duration-ms="3351" started-at="2018-10-26T13:28:46Z" finished-at="2018-10-26T13:28:50Z">
      <class name="com.pdf.reader.PDFReaderClass">
        <test-method status="PASS" signature="pdfReader()[pri:0, instance:com.pdf.reader.PDFReaderClass@5891e32e]" name="pdfReader" duration-ms="3296" started-at="2018-10-26T13:28:47Z" finished-at="2018-10-26T13:28:50Z">
          <reporter-output>
          </reporter-output>
        </test-method> <!-- pdfReader -->
      </class> <!-- com.pdf.reader.PDFReaderClass -->
    </test> <!-- Default test -->
  </suite> <!-- Default suite -->
</testng-results>
